<?xml version="1.0" encoding="UTF-8"?>
<testng-results skipped="0" failed="0" ignored="0" total="1" passed="1">
  <reporter-output>
  </reporter-output>
  <suite name="Default suite" duration-ms="14550" started-at="2020-08-20T22:39:32 CDT" finished-at="2020-08-20T22:39:46 CDT">
    <groups>
    </groups>
    <test name="Default test" duration-ms="14550" started-at="2020-08-20T22:39:32 CDT" finished-at="2020-08-20T22:39:46 CDT">
      <class name="com.training.sanity.tests.deleteProductsFromList">
        <test-method status="PASS" signature="beforeClass()[pri:0, instance:com.training.sanity.tests.deleteProductsFromList@6c49835d]" name="beforeClass" is-config="true" duration-ms="18" started-at="2020-08-20T22:39:32 CDT" finished-at="2020-08-20T22:39:32 CDT">
          <reporter-output>
          </reporter-output>
        </test-method> <!-- beforeClass -->
        <test-method status="PASS" signature="setUp()[pri:0, instance:com.training.sanity.tests.deleteProductsFromList@6c49835d]" name="setUp" is-config="true" duration-ms="9046" started-at="2020-08-20T22:39:32 CDT" finished-at="2020-08-20T22:39:41 CDT">
          <reporter-output>
          </reporter-output>
        </test-method> <!-- setUp -->
        <test-method status="PASS" signature="ProductList()[pri:0, instance:com.training.sanity.tests.deleteProductsFromList@6c49835d]" name="ProductList" duration-ms="5423" started-at="2020-08-20T22:39:41 CDT" finished-at="2020-08-20T22:39:46 CDT">
          <reporter-output>
          </reporter-output>
        </test-method> <!-- ProductList -->
      </class> <!-- com.training.sanity.tests.deleteProductsFromList -->
    </test> <!-- Default test -->
  </suite> <!-- Default suite -->
</testng-results>
